<?xml version="1.0" encoding="UTF-8" ?>
<testsuite tests="15" failures="0" name="YatzyTest" time="0.008" errors="0" skipped="0">
  <properties>
    <property name="java.runtime.name" value="OpenJDK Runtime Environment"/>
    <property name="java.vm.version" value="17.0.5+8-LTS"/>
    <property name="sun.boot.library.path" value="C:\Users\henchiri\.jdks\corretto-17.0.5\bin"/>
    <property name="maven.multiModuleProjectDirectory" value="C:\Users\henchiri\Downloads\Yatzy-Refactoring-Kata-main\Yatzy-Refactoring-Kata-main\java"/>
    <property name="java.vm.vendor" value="Amazon.com Inc."/>
    <property name="java.vendor.url" value="https://aws.amazon.com/corretto/"/>
    <property name="guice.disable.misplaced.annotation.check" value="true"/>
    <property name="path.separator" value=";"/>
    <property name="java.vm.name" value="OpenJDK 64-Bit Server VM"/>
    <property name="idea.launcher.port" value="54823"/>
    <property name="sun.os.patch.level" value=""/>
    <property name="user.script" value=""/>
    <property name="user.country" value="FR"/>
    <property name="sun.java.launcher" value="SUN_STANDARD"/>
    <property name="java.vm.specification.name" value="Java Virtual Machine Specification"/>
    <property name="user.dir" value="C:\Users\henchiri\Downloads\Yatzy-Refactoring-Kata-main\Yatzy-Refactoring-Kata-main\java"/>
    <property name="java.vm.compressedOopsMode" value="Zero based"/>
    <property name="java.runtime.version" value="17.0.5+8-LTS"/>
    <property name="os.arch" value="amd64"/>
    <property name="java.io.tmpdir" value="C:\Users\henchiri\AppData\Local\Temp\"/>
    <property name="line.separator" value="
"/>
    <property name="java.vm.specification.vendor" value="Oracle Corporation"/>
    <property name="user.variant" value=""/>
    <property name="os.name" value="Windows 10"/>
    <property name="maven.ext.class.path" value="C:\Program Files\JetBrains\IntelliJ IDEA 2020.1.4\plugins\maven\lib\maven-event-listener.jar"/>
    <property name="classworlds.conf" value="C:\Program Files\JetBrains\IntelliJ IDEA 2020.1.4\plugins\maven\lib\maven3\bin\m2.conf"/>
    <property name="sun.jnu.encoding" value="Cp1252"/>
    <property name="java.library.path" value="C:\Users\henchiri\.jdks\corretto-17.0.5\bin;C:\WINDOWS\Sun\Java\bin;C:\WINDOWS\system32;C:\WINDOWS;C:\dev\jdk-11.0.16.1\bin;C:\WINDOWS\system32;C:\WINDOWS;C:\WINDOWS\System32\Wbem;C:\WINDOWS\System32\WindowsPowerShell\v1.0\;C:\WINDOWS\System32\OpenSSH\;C:\Users\henchiri\Downloads\zulu8.38.0.13-ca-jdk8.0.212-win_i686\zulu8.38.0.13-ca-jdk8.0.212-win_i686\bin;C:\Program Files\Git\cmd;C:\Program Files\PuTTY\;C:\Program Files\Docker\Docker\resources\bin;C:\ProgramData\DockerDesktop\version-bin;C:\Users\henchiri\Downloads\Compressed\scala-2.11.7\scala-2.11.7\bin;C:\Users\henchiri\AppData\Roaming\nvm;C:\Program Files\nodejs;C:\Program Files\dotnet\;C:\dev\apache-maven-3.8.6\bin;C:\Program Files\Kubernetes\Minikube;C:\Program Files (x86)\Microsoft Visual Studio\Common\Tools\WinNT;C:\Program Files (x86)\Microsoft Visual Studio\Common\MSDev98\Bin;C:\Program Files (x86)\Microsoft Visual Studio\Common\Tools;C:\Program Files (x86)\Microsoft Visual Studio\VC98\bin;C:\Users\henchiri\AppData\Local\Microsoft\WindowsApps;C:\Users\henchiri\AppData\Roaming\npm;C:\Users\henchiri\AppData\Local\Programs\Microsoft VS Code\bin;C:\Users\henchiri\AppData\Roaming\nvm;C:\Program Files\nodejs;."/>
    <property name="maven.conf" value="C:\Program Files\JetBrains\IntelliJ IDEA 2020.1.4\plugins\maven\lib\maven3/conf"/>
    <property name="jdk.debug" value="release"/>
    <property name="java.class.version" value="61.0"/>
    <property name="java.specification.name" value="Java Platform API Specification"/>
    <property name="sun.management.compiler" value="HotSpot 64-Bit Tiered Compilers"/>
    <property name="os.version" value="10.0"/>
    <property name="user.home" value="C:\Users\henchiri"/>
    <property name="user.timezone" value="Europe/Paris"/>
    <property name="idea.launcher.bin.path" value="C:\Program Files\JetBrains\IntelliJ IDEA 2020.1.4\bin"/>
    <property name="file.encoding" value="UTF-8"/>
    <property name="java.specification.version" value="17"/>
    <property name="user.name" value="henchiri"/>
    <property name="java.class.path" value="C:\Program Files\JetBrains\IntelliJ IDEA 2020.1.4\plugins\maven\lib\maven3\boot\plexus-classworlds-2.6.0.jar;C:\Program Files\JetBrains\IntelliJ IDEA 2020.1.4\plugins\maven\lib\maven3\boot\plexus-classworlds.license;C:\Program Files\JetBrains\IntelliJ IDEA 2020.1.4\lib\idea_rt.jar"/>
    <property name="java.vm.specification.version" value="17"/>
    <property name="sun.arch.data.model" value="64"/>
    <property name="sun.java.command" value="com.intellij.rt.execution.application.AppMainV2 org.codehaus.classworlds.Launcher -Didea.version2020.1.4 install"/>
    <property name="java.home" value="C:\Users\henchiri\.jdks\corretto-17.0.5"/>
    <property name="idea.version2020.1.4" value="true"/>
    <property name="user.language" value="fr"/>
    <property name="java.specification.vendor" value="Oracle Corporation"/>
    <property name="java.vm.info" value="mixed mode, sharing"/>
    <property name="java.version" value="17.0.5"/>
    <property name="native.encoding" value="Cp1252"/>
    <property name="java.vendor" value="Amazon.com Inc."/>
    <property name="maven.home" value="C:\Program Files\JetBrains\IntelliJ IDEA 2020.1.4\plugins\maven\lib\maven3"/>
    <property name="file.separator" value="\"/>
    <property name="java.version.date" value="2022-10-18"/>
    <property name="java.vendor.url.bug" value="https://github.com/corretto/corretto-17/issues/"/>
    <property name="sun.io.unicode.encoding" value="UnicodeLittle"/>
    <property name="sun.cpu.endian" value="little"/>
    <property name="java.vendor.version" value="Corretto-17.0.5.8.1"/>
    <property name="sun.cpu.isalist" value="amd64"/>
  </properties>
  <testcase classname="YatzyTest" name="chance_scores_sum_of_all_dice" time="0.006"/>
  <testcase classname="YatzyTest" name="fullHouse" time="0"/>
  <testcase classname="YatzyTest" name="test_1s" time="0"/>
  <testcase classname="YatzyTest" name="test_2s" time="0"/>
  <testcase classname="YatzyTest" name="smallStraight" time="0"/>
  <testcase classname="YatzyTest" name="sixes_test" time="0"/>
  <testcase classname="YatzyTest" name="test_threes" time="0.001"/>
  <testcase classname="YatzyTest" name="four_of_a_knd" time="0"/>
  <testcase classname="YatzyTest" name="fives" time="0"/>
  <testcase classname="YatzyTest" name="largeStraight" time="0"/>
  <testcase classname="YatzyTest" name="three_of_a_kind" time="0"/>
  <testcase classname="YatzyTest" name="yatzy_scores_50" time="0"/>
  <testcase classname="YatzyTest" name="two_Pair" time="0.001"/>
  <testcase classname="YatzyTest" name="fours_test" time="0"/>
  <testcase classname="YatzyTest" name="one_pair" time="0"/>
</testsuite>